[[  50   90  838  794]
 [ 852   74 1430  841]]
Total People in frame = 8
Number of people in queue = {1: 2, 2: 0}
1 2
2 0
Total People in frame = 8
Number of people in queue = {1: 2, 2: 0}
1 2
2 0
Total People in frame = 6
Number of people in queue = {1: 2, 2: 0}
1 2
2 0
Total People in frame = 7
Number of people in queue = {1: 2, 2: 0}
1 2
2 0
Total People in frame = 7
Number of people in queue = {1: 2, 2: 0}
1 2
2 0
Total People in frame = 7
Number of people in queue = {1: 2, 2: 0}
1 2
2 0
Total People in frame = 7
Number of people in queue = {1: 2, 2: 0}
1 2
2 0
Total People in frame = 7
Number of people in queue = {1: 2, 2: 0}
1 2
2 0
Total People in frame = 8
Number of people in queue = {1: 2, 2: 1}
1 2
2 1
Total People in frame = 8
Number of people in queue = {1: 2, 2: 1}
1 2
2 1
Total People in frame = 8
Number of people in queue = {1: 2, 2: 1}
1 2
2 1
Total People in frame = 8
Number of people in queue = {1: 2, 2: 1}
1 2
2 1
Total People in frame = 8
Number of people in queue = {1: 2, 2: 1}
1 2
2 1
Total People in frame = 8
Number of people in queue = {1: 2, 2: 1}
1 2
2 1
Total People in frame = 8
Number of people in queue = {1: 2, 2: 1}
1 2
2 1
Total People in frame = 8
Number of people in queue = {1: 2, 2: 1}
1 2
2 1
Total People in frame = 8
Number of people in queue = {1: 2, 2: 1}
1 2
2 1
Total People in frame = 8
Number of people in queue = {1: 2, 2: 1}
1 2
2 1
Total People in frame = 8
Number of people in queue = {1: 2, 2: 1}
1 2
2 1
Total People in frame = 8
Number of people in queue = {1: 2, 2: 1}
1 2
2 1
Total People in frame = 7
Number of people in queue = {1: 2, 2: 0}
1 2
2 0
Total People in frame = 8
Number of people in queue = {1: 2, 2: 0}
1 2
2 0
Total People in frame = 7
Number of people in queue = {1: 2, 2: 0}
1 2
2 0
Total People in frame = 8
Number of people in queue = {1: 2, 2: 0}
1 2
2 0
Total People in frame = 8
Number of people in queue = {1: 2, 2: 0}
1 2
2 0
Total People in frame = 7
Number of people in queue = {1: 3, 2: 0}
1 3
2 0
Total People in frame = 7
Number of people in queue = {1: 3, 2: 0}
1 3
2 0
Total People in frame = 7
Number of people in queue = {1: 2, 2: 0}
1 2
2 0
Total People in frame = 7
Number of people in queue = {1: 2, 2: 0}
1 2
2 0
Total People in frame = 7
Number of people in queue = {1: 2, 2: 0}
1 2
2 0
Total People in frame = 7
Number of people in queue = {1: 2, 2: 0}
1 2
2 0
Total People in frame = 7
Number of people in queue = {1: 2, 2: 0}
1 2
2 0
Total People in frame = 8
Number of people in queue = {1: 2, 2: 1}
1 2
2 1
Total People in frame = 8
Number of people in queue = {1: 2, 2: 1}
1 2
2 1
Total People in frame = 8
Number of people in queue = {1: 2, 2: 1}
1 2
2 1
Total People in frame = 7
Number of people in queue = {1: 2, 2: 0}
1 2
2 0
Total People in frame = 8
Number of people in queue = {1: 2, 2: 1}
1 2
2 1
Total People in frame = 8
Number of people in queue = {1: 2, 2: 1}
1 2
2 1
Total People in frame = 7
Number of people in queue = {1: 2, 2: 0}
1 2
2 0
Total People in frame = 7
Number of people in queue = {1: 2, 2: 0}
1 2
2 0
Total People in frame = 7
Number of people in queue = {1: 2, 2: 0}
1 2
2 0
Total People in frame = 7
Number of people in queue = {1: 2, 2: 0}
1 2
2 0
Total People in frame = 7
Number of people in queue = {1: 2, 2: 0}
1 2
2 0
Total People in frame = 8
Number of people in queue = {1: 3, 2: 0}
1 3
2 0
Total People in frame = 8
Number of people in queue = {1: 3, 2: 0}
1 3
2 0
Total People in frame = 8
Number of people in queue = {1: 3, 2: 0}
1 3
2 0
Total People in frame = 6
Number of people in queue = {1: 2, 2: 0}
1 2
2 0
Total People in frame = 7
Number of people in queue = {1: 2, 2: 0}
1 2
2 0
Total People in frame = 7
Number of people in queue = {1: 2, 2: 0}
1 2
2 0
Total People in frame = 7
Number of people in queue = {1: 2, 2: 0}
1 2
2 0
Total People in frame = 7
Number of people in queue = {1: 2, 2: 0}
1 2
2 0
Total People in frame = 7
Number of people in queue = {1: 2, 2: 0}
1 2
2 0
Total People in frame = 8
Number of people in queue = {1: 3, 2: 0}
1 3
2 0
Total People in frame = 8
Number of people in queue = {1: 2, 2: 0}
1 2
2 0
Total People in frame = 7
Number of people in queue = {1: 2, 2: 0}
1 2
2 0
Total People in frame = 7
Number of people in queue = {1: 2, 2: 0}
1 2
2 0
Total People in frame = 7
Number of people in queue = {1: 2, 2: 0}
1 2
2 0
Total People in frame = 7
Number of people in queue = {1: 2, 2: 0}
1 2
2 0
Total People in frame = 7
Number of people in queue = {1: 3, 2: 0}
1 3
2 0
Total People in frame = 8
Number of people in queue = {1: 3, 2: 0}
1 3
2 0
Total People in frame = 7
Number of people in queue = {1: 2, 2: 0}
1 2
2 0
Total People in frame = 7
Number of people in queue = {1: 2, 2: 0}
1 2
2 0
Total People in frame = 7
Number of people in queue = {1: 2, 2: 0}
1 2
2 0
Total People in frame = 7
Number of people in queue = {1: 2, 2: 0}
1 2
2 0
Total People in frame = 6
Number of people in queue = {1: 2, 2: 0}
1 2
2 0
Total People in frame = 6
Number of people in queue = {1: 2, 2: 0}
1 2
2 0
Total People in frame = 6
Number of people in queue = {1: 2, 2: 0}
1 2
2 0
Total People in frame = 6
Number of people in queue = {1: 2, 2: 0}
1 2
2 0
Total People in frame = 6
Number of people in queue = {1: 2, 2: 0}
1 2
2 0
Total People in frame = 6
Number of people in queue = {1: 2, 2: 0}
1 2
2 0
Total People in frame = 8
Number of people in queue = {1: 2, 2: 0}
1 2
2 0
Total People in frame = 8
Number of people in queue = {1: 2, 2: 0}
1 2
2 0
Total People in frame = 7
Number of people in queue = {1: 2, 2: 0}
1 2
2 0
Total People in frame = 8
Number of people in queue = {1: 2, 2: 0}
1 2
2 0
Total People in frame = 8
Number of people in queue = {1: 2, 2: 0}
1 2
2 0
Total People in frame = 8
Number of people in queue = {1: 2, 2: 0}
1 2
2 0
Total People in frame = 8
Number of people in queue = {1: 2, 2: 0}
1 2
2 0
Total People in frame = 8
Number of people in queue = {1: 2, 2: 0}
1 2
2 0
Total People in frame = 8
Number of people in queue = {1: 2, 2: 0}
1 2
2 0
Total People in frame = 9
Number of people in queue = {1: 3, 2: 0}
1 3
2 0
Total People in frame = 9
Number of people in queue = {1: 3, 2: 0}
1 3
2 0
Total People in frame = 9
Number of people in queue = {1: 3, 2: 0}
1 3
2 0
Total People in frame = 9
Number of people in queue = {1: 3, 2: 0}
1 3
2 0
Total People in frame = 9
Number of people in queue = {1: 3, 2: 0}
1 3
2 0
Total People in frame = 7
Number of people in queue = {1: 2, 2: 0}
1 2
2 0
Total People in frame = 8
Number of people in queue = {1: 3, 2: 0}
1 3
2 0
Total People in frame = 8
Number of people in queue = {1: 3, 2: 0}
1 3
2 0
Total People in frame = 7
Number of people in queue = {1: 2, 2: 0}
1 2
2 0
Total People in frame = 7
Number of people in queue = {1: 2, 2: 0}
1 2
2 0
Total People in frame = 7
Number of people in queue = {1: 2, 2: 0}
1 2
2 0
Total People in frame = 7
Number of people in queue = {1: 2, 2: 0}
1 2
2 0
Total People in frame = 7
Number of people in queue = {1: 2, 2: 0}
1 2
2 0
Total People in frame = 7
Number of people in queue = {1: 2, 2: 0}
1 2
2 0
Total People in frame = 7
Number of people in queue = {1: 2, 2: 0}
1 2
2 0
Total People in frame = 7
Number of people in queue = {1: 2, 2: 0}
1 2
2 0
Total People in frame = 7
Number of people in queue = {1: 2, 2: 0}
1 2
2 0
Total People in frame = 9
Number of people in queue = {1: 3, 2: 0}
1 3
2 0
Total People in frame = 9
Number of people in queue = {1: 4, 2: 0}
1 4
2 0
Total People in frame = 9
Number of people in queue = {1: 3, 2: 0}
1 3
2 0
Total People in frame = 8
Number of people in queue = {1: 4, 2: 0}
1 4
2 0
Total People in frame = 8
Number of people in queue = {1: 3, 2: 0}
1 3
2 0
Total People in frame = 8
Number of people in queue = {1: 4, 2: 0}
1 4
2 0
Total People in frame = 9
Number of people in queue = {1: 4, 2: 0}
1 4
2 0
Total People in frame = 8
Number of people in queue = {1: 4, 2: 0}
1 4
2 0
Total People in frame = 8
Number of people in queue = {1: 4, 2: 0}
1 4
2 0
Total People in frame = 8
Number of people in queue = {1: 4, 2: 0}
1 4
2 0
Total People in frame = 8
Number of people in queue = {1: 4, 2: 0}
1 4
2 0
Total People in frame = 8
Number of people in queue = {1: 3, 2: 0}
1 3
2 0
Total People in frame = 8
Number of people in queue = {1: 3, 2: 0}
1 3
2 0
Total People in frame = 8
Number of people in queue = {1: 3, 2: 0}
1 3
2 0
Total People in frame = 8
Number of people in queue = {1: 3, 2: 0}
1 3
2 0
Total People in frame = 8
Number of people in queue = {1: 3, 2: 0}
1 3
2 0
Total People in frame = 8
Number of people in queue = {1: 3, 2: 0}
1 3
2 0
Total People in frame = 8
Number of people in queue = {1: 3, 2: 0}
1 3
2 0
Total People in frame = 8
Number of people in queue = {1: 3, 2: 0}
1 3
2 0
Total People in frame = 8
Number of people in queue = {1: 3, 2: 0}
1 3
2 0
Total People in frame = 8
Number of people in queue = {1: 3, 2: 0}
1 3
2 0
Total People in frame = 8
Number of people in queue = {1: 3, 2: 0}
1 3
2 0
Total People in frame = 8
Number of people in queue = {1: 3, 2: 0}
1 3
2 0
Total People in frame = 8
Number of people in queue = {1: 3, 2: 0}
1 3
2 0
Total People in frame = 8
Number of people in queue = {1: 3, 2: 0}
1 3
2 0
Total People in frame = 9
Number of people in queue = {1: 4, 2: 0}
1 4
2 0
Total People in frame = 9
Number of people in queue = {1: 3, 2: 0}
1 3
2 0
Total People in frame = 9
Number of people in queue = {1: 3, 2: 0}
1 3
2 0
Total People in frame = 9
Number of people in queue = {1: 4, 2: 0}
1 4
2 0
Total People in frame = 9
Number of people in queue = {1: 3, 2: 0}
1 3
2 0
Total People in frame = 9
Number of people in queue = {1: 3, 2: 0}
1 3
2 0
Total People in frame = 9
Number of people in queue = {1: 3, 2: 0}
1 3
2 0
Total People in frame = 9
Number of people in queue = {1: 3, 2: 0}
1 3
2 0
Total People in frame = 8
Number of people in queue = {1: 2, 2: 0}
1 2
2 0
Total People in frame = 8
Number of people in queue = {1: 2, 2: 0}
1 2
2 0
Total People in frame = 9
Number of people in queue = {1: 3, 2: 0}
1 3
2 0
Total People in frame = 9
Number of people in queue = {1: 3, 2: 0}
1 3
2 0
Total People in frame = 8
Number of people in queue = {1: 3, 2: 0}
1 3
2 0
Total People in frame = 9
Number of people in queue = {1: 3, 2: 0}
1 3
2 0
Total People in frame = 10
Number of people in queue = {1: 3, 2: 1}
1 3
2 1
Total People in frame = 8
Number of people in queue = {1: 3, 2: 0}
1 3
2 0
Total People in frame = 7
Number of people in queue = {1: 2, 2: 0}
1 2
2 0
Total People in frame = 7
Number of people in queue = {1: 2, 2: 0}
1 2
2 0
Total People in frame = 7
Number of people in queue = {1: 2, 2: 0}
1 2
2 0
Total People in frame = 7
Number of people in queue = {1: 2, 2: 0}
1 2
2 0
Total People in frame = 7
Number of people in queue = {1: 2, 2: 0}
1 2
2 0
Total People in frame = 7
Number of people in queue = {1: 2, 2: 0}
1 2
2 0
Total People in frame = 7
Number of people in queue = {1: 2, 2: 0}
1 2
2 0
Total People in frame = 7
Number of people in queue = {1: 2, 2: 0}
1 2
2 0
Total People in frame = 7
Number of people in queue = {1: 3, 2: 0}
1 3
2 0
Total People in frame = 7
Number of people in queue = {1: 3, 2: 0}
1 3
2 0
Total People in frame = 8
Number of people in queue = {1: 4, 2: 0}
1 4
2 0
Total People in frame = 8
Number of people in queue = {1: 4, 2: 0}
1 4
2 0
Total People in frame = 7
Number of people in queue = {1: 3, 2: 0}
1 3
2 0
Total People in frame = 7
Number of people in queue = {1: 3, 2: 0}
1 3
2 0
Total People in frame = 8
Number of people in queue = {1: 4, 2: 0}
1 4
2 0
Total People in frame = 9
Number of people in queue = {1: 5, 2: 0}
1 5
2 0
Total People in frame = 9
Number of people in queue = {1: 5, 2: 0}
1 5
2 0
Total People in frame = 9
Number of people in queue = {1: 5, 2: 0}
1 5
2 0
Total People in frame = 9
Number of people in queue = {1: 4, 2: 0}
1 4
2 0
Total People in frame = 9
Number of people in queue = {1: 4, 2: 0}
1 4
2 0
Total People in frame = 8
Number of people in queue = {1: 5, 2: 0}
1 5
2 0
Total People in frame = 10
Number of people in queue = {1: 6, 2: 0}
1 6
2 0
Total People in frame = 9
Number of people in queue = {1: 5, 2: 0}
1 5
2 0
Total People in frame = 8
Number of people in queue = {1: 5, 2: 0}
1 5
2 0
Total People in frame = 8
Number of people in queue = {1: 5, 2: 0}
1 5
2 0
Total People in frame = 7
Number of people in queue = {1: 4, 2: 0}
1 4
2 0
Total People in frame = 8
Number of people in queue = {1: 4, 2: 1}
1 4
2 1
Total People in frame = 9
Number of people in queue = {1: 4, 2: 1}
1 4
2 1
Total People in frame = 7
Number of people in queue = {1: 3, 2: 1}
1 3
2 1
Total People in frame = 7
Number of people in queue = {1: 3, 2: 1}
1 3
2 1
Total People in frame = 8
Number of people in queue = {1: 3, 2: 1}
1 3
2 1
Total People in frame = 9
Number of people in queue = {1: 4, 2: 1}
1 4
2 1
Total People in frame = 8
Number of people in queue = {1: 4, 2: 1}
1 4
2 1
Total People in frame = 9
Number of people in queue = {1: 4, 2: 1}
1 4
2 1
Total People in frame = 8
Number of people in queue = {1: 4, 2: 1}
1 4
2 1
Total People in frame = 8
Number of people in queue = {1: 4, 2: 1}
1 4
2 1
Total People in frame = 9
Number of people in queue = {1: 4, 2: 1}
1 4
2 1
Total People in frame = 8
Number of people in queue = {1: 4, 2: 0}
1 4
2 0
Total People in frame = 10
Number of people in queue = {1: 5, 2: 1}
1 5
2 1
Total People in frame = 11
Number of people in queue = {1: 5, 2: 1}
1 5
2 1
Total People in frame = 10
Number of people in queue = {1: 5, 2: 1}
1 5
2 1
Total People in frame = 10
Number of people in queue = {1: 5, 2: 1}
1 5
2 1
Total People in frame = 9
Number of people in queue = {1: 4, 2: 1}
1 4
2 1
Total People in frame = 8
Number of people in queue = {1: 4, 2: 2}
1 4
2 2
Total People in frame = 8
Number of people in queue = {1: 4, 2: 2}
1 4
2 2
Total People in frame = 8
Number of people in queue = {1: 4, 2: 2}
1 4
2 2
Total People in frame = 7
Number of people in queue = {1: 4, 2: 1}
1 4
2 1
Total People in frame = 10
Number of people in queue = {1: 4, 2: 2}
1 4
2 2
Total People in frame = 10
Number of people in queue = {1: 4, 2: 2}
1 4
2 2
Total People in frame = 10
Number of people in queue = {1: 4, 2: 2}
1 4
2 2
Total People in frame = 11
Number of people in queue = {1: 4, 2: 2}
1 4
2 2
Total People in frame = 10
Number of people in queue = {1: 4, 2: 2}
1 4
2 2
Total People in frame = 10
Number of people in queue = {1: 4, 2: 2}
1 4
2 2
Total People in frame = 10
Number of people in queue = {1: 4, 2: 2}
1 4
2 2
Total People in frame = 10
Number of people in queue = {1: 4, 2: 2}
1 4
2 2
Total People in frame = 10
Number of people in queue = {1: 4, 2: 2}
1 4
2 2
Total People in frame = 9
Number of people in queue = {1: 3, 2: 2}
1 3
2 2
Total People in frame = 8
Number of people in queue = {1: 2, 2: 2}
1 2
2 2
Total People in frame = 8
Number of people in queue = {1: 2, 2: 2}
1 2
2 2
Total People in frame = 8
Number of people in queue = {1: 2, 2: 2}
1 2
2 2
Total People in frame = 8
Number of people in queue = {1: 2, 2: 2}
1 2
2 2
Total People in frame = 9
Number of people in queue = {1: 2, 2: 3}
1 2
2 3
Total People in frame = 8
Number of people in queue = {1: 2, 2: 2}
1 2
2 2
Total People in frame = 9
Number of people in queue = {1: 3, 2: 2}
1 3
2 2
Total People in frame = 9
Number of people in queue = {1: 4, 2: 2}
1 4
2 2
Total People in frame = 9
Number of people in queue = {1: 3, 2: 1}
1 3
2 1
Total People in frame = 8
Number of people in queue = {1: 2, 2: 1}
1 2
2 1
Total People in frame = 9
Number of people in queue = {1: 2, 2: 2}
1 2
2 2
Total People in frame = 9
Number of people in queue = {1: 2, 2: 2}
1 2
2 2
Total People in frame = 9
Number of people in queue = {1: 4, 2: 1}
1 4
2 1
Total People in frame = 9
Number of people in queue = {1: 4, 2: 1}
1 4
2 1
Total People in frame = 9
Number of people in queue = {1: 4, 2: 1}
1 4
2 1
Total People in frame = 9
Number of people in queue = {1: 4, 2: 2}
1 4
2 2
Total People in frame = 9
Number of people in queue = {1: 4, 2: 2}
1 4
2 2
Total People in frame = 9
Number of people in queue = {1: 4, 2: 2}
1 4
2 2
Total People in frame = 9
Number of people in queue = {1: 4, 2: 2}
1 4
2 2
Total People in frame = 8
Number of people in queue = {1: 3, 2: 2}
1 3
2 2
Total People in frame = 8
Number of people in queue = {1: 3, 2: 2}
1 3
2 2
Total People in frame = 8
Number of people in queue = {1: 3, 2: 2}
1 3
2 2
Total People in frame = 8
Number of people in queue = {1: 3, 2: 2}
1 3
2 2
Total People in frame = 8
Number of people in queue = {1: 3, 2: 2}
1 3
2 2
Total People in frame = 8
Number of people in queue = {1: 3, 2: 2}
1 3
2 2
Total People in frame = 8
Number of people in queue = {1: 3, 2: 2}
1 3
2 2
Total People in frame = 8
Number of people in queue = {1: 3, 2: 2}
1 3
2 2
Total People in frame = 8
Number of people in queue = {1: 3, 2: 2}
1 3
2 2
Total People in frame = 8
Number of people in queue = {1: 3, 2: 2}
1 3
2 2
Total People in frame = 8
Number of people in queue = {1: 3, 2: 2}
1 3
2 2
Total People in frame = 9
Number of people in queue = {1: 3, 2: 3}
1 3
2 3
Total People in frame = 9
Number of people in queue = {1: 3, 2: 2}
1 3
2 2
Total People in frame = 10
Number of people in queue = {1: 4, 2: 2}
1 4
2 2
Total People in frame = 11
Number of people in queue = {1: 4, 2: 3}
1 4
2 3
Total People in frame = 12
Number of people in queue = {1: 4, 2: 3}
1 4
2 3
Total People in frame = 11
Number of people in queue = {1: 4, 2: 2}
1 4
2 2
Total People in frame = 11
Number of people in queue = {1: 4, 2: 2}
1 4
2 2
Total People in frame = 10
Number of people in queue = {1: 4, 2: 2}
1 4
2 2
Total People in frame = 10
Number of people in queue = {1: 4, 2: 2}
1 4
2 2
Total People in frame = 10
Number of people in queue = {1: 4, 2: 2}
1 4
2 2
Total People in frame = 10
Number of people in queue = {1: 4, 2: 2}
1 4
2 2
Total People in frame = 10
Number of people in queue = {1: 3, 2: 2}
1 3
2 2
Total People in frame = 10
Number of people in queue = {1: 3, 2: 2}
1 3
2 2
Total People in frame = 10
Number of people in queue = {1: 3, 2: 2}
1 3
2 2
Total People in frame = 10
Number of people in queue = {1: 3, 2: 2}
1 3
2 2
Total People in frame = 10
Number of people in queue = {1: 3, 2: 2}
1 3
2 2
Total People in frame = 10
Number of people in queue = {1: 3, 2: 2}
1 3
2 2
Total People in frame = 10
Number of people in queue = {1: 3, 2: 3}
1 3
2 3
Total People in frame = 10
Number of people in queue = {1: 3, 2: 3}
1 3
2 3
Total People in frame = 9
Number of people in queue = {1: 3, 2: 2}
1 3
2 2
Total People in frame = 9
Number of people in queue = {1: 3, 2: 2}
1 3
2 2
Total People in frame = 9
Number of people in queue = {1: 3, 2: 2}
1 3
2 2
Total People in frame = 10
Number of people in queue = {1: 3, 2: 2}
1 3
2 2
Total People in frame = 10
Number of people in queue = {1: 4, 2: 2}
1 4
2 2
Total People in frame = 10
Number of people in queue = {1: 3, 2: 2}
1 3
2 2
Total People in frame = 10
Number of people in queue = {1: 3, 2: 2}
1 3
2 2
Total People in frame = 11
Number of people in queue = {1: 4, 2: 2}
1 4
2 2
Total People in frame = 11
Number of people in queue = {1: 4, 2: 2}
1 4
2 2
Total People in frame = 10
Number of people in queue = {1: 4, 2: 2}
1 4
2 2
Total People in frame = 10
Number of people in queue = {1: 3, 2: 2}
1 3
2 2
Total People in frame = 10
Number of people in queue = {1: 3, 2: 2}
1 3
2 2
Total People in frame = 9
Number of people in queue = {1: 3, 2: 2}
1 3
2 2
Total People in frame = 10
Number of people in queue = {1: 4, 2: 2}
1 4
2 2
Total People in frame = 9
Number of people in queue = {1: 3, 2: 3}
1 3
2 3
Total People in frame = 9
Number of people in queue = {1: 3, 2: 2}
1 3
2 2
Total People in frame = 9
Number of people in queue = {1: 3, 2: 2}
1 3
2 2
Total People in frame = 9
Number of people in queue = {1: 3, 2: 2}
1 3
2 2
Total People in frame = 10
Number of people in queue = {1: 3, 2: 2}
1 3
2 2
Total People in frame = 9
Number of people in queue = {1: 3, 2: 2}
1 3
2 2
Total People in frame = 9
Number of people in queue = {1: 3, 2: 2}
1 3
2 2
Total People in frame = 8
Number of people in queue = {1: 3, 2: 1}
1 3
2 1
Total People in frame = 8
Number of people in queue = {1: 3, 2: 1}
1 3
2 1
Total People in frame = 9
Number of people in queue = {1: 3, 2: 2}
1 3
2 2
Total People in frame = 8
Number of people in queue = {1: 3, 2: 1}
1 3
2 1
Total People in frame = 8
Number of people in queue = {1: 3, 2: 1}
1 3
2 1
Total People in frame = 8
Number of people in queue = {1: 3, 2: 1}
1 3
2 1
Total People in frame = 8
Number of people in queue = {1: 2, 2: 1}
1 2
2 1
Total People in frame = 8
Number of people in queue = {1: 2, 2: 1}
1 2
2 1
Total People in frame = 8
Number of people in queue = {1: 2, 2: 1}
1 2
2 1
Total People in frame = 8
Number of people in queue = {1: 2, 2: 1}
1 2
2 1
Total People in frame = 8
Number of people in queue = {1: 2, 2: 1}
1 2
2 1
Total People in frame = 8
Number of people in queue = {1: 2, 2: 1}
1 2
2 1
Total People in frame = 8
Number of people in queue = {1: 2, 2: 1}
1 2
2 1
Total People in frame = 9
Number of people in queue = {1: 2, 2: 2}
1 2
2 2
Total People in frame = 10
Number of people in queue = {1: 3, 2: 2}
1 3
2 2
Total People in frame = 10
Number of people in queue = {1: 3, 2: 2}
1 3
2 2
Total People in frame = 9
Number of people in queue = {1: 2, 2: 1}
1 2
2 1
Total People in frame = 8
Number of people in queue = {1: 2, 2: 1}
1 2
2 1
Total People in frame = 8
Number of people in queue = {1: 2, 2: 1}
1 2
2 1
Total People in frame = 8
Number of people in queue = {1: 2, 2: 1}
1 2
2 1
Total People in frame = 8
Number of people in queue = {1: 2, 2: 1}
1 2
2 1
Total People in frame = 8
Number of people in queue = {1: 2, 2: 1}
1 2
2 1
Total People in frame = 7
Number of people in queue = {1: 1, 2: 1}
1 1
2 1
Total People in frame = 7
Number of people in queue = {1: 1, 2: 1}
1 1
2 1
Total People in frame = 6
Number of people in queue = {1: 1, 2: 0}
1 1
2 0
Total People in frame = 6
Number of people in queue = {1: 1, 2: 0}
1 1
2 0
Total People in frame = 7
Number of people in queue = {1: 1, 2: 1}
1 1
2 1
Total People in frame = 6
Number of people in queue = {1: 1, 2: 0}
1 1
2 0
Total People in frame = 7
Number of people in queue = {1: 1, 2: 1}
1 1
2 1
Total People in frame = 7
Number of people in queue = {1: 1, 2: 1}
1 1
2 1
Total People in frame = 7
Number of people in queue = {1: 1, 2: 1}
1 1
2 1
Total People in frame = 7
Number of people in queue = {1: 1, 2: 1}
1 1
2 1
Total People in frame = 7
Number of people in queue = {1: 1, 2: 1}
1 1
2 1
Total People in frame = 7
Number of people in queue = {1: 2, 2: 0}
1 2
2 0
Total People in frame = 7
Number of people in queue = {1: 2, 2: 0}
1 2
2 0
Total People in frame = 8
Number of people in queue = {1: 2, 2: 0}
1 2
2 0
Total People in frame = 8
Number of people in queue = {1: 2, 2: 0}
1 2
2 0
Total People in frame = 8
Number of people in queue = {1: 2, 2: 0}
1 2
2 0
Total People in frame = 8
Number of people in queue = {1: 2, 2: 0}
1 2
2 0
Total People in frame = 8
Number of people in queue = {1: 2, 2: 0}
1 2
2 0
Total People in frame = 8
Number of people in queue = {1: 2, 2: 1}
1 2
2 1
Total People in frame = 8
Number of people in queue = {1: 2, 2: 0}
1 2
2 0
Total People in frame = 8
Number of people in queue = {1: 2, 2: 1}
1 2
2 1
Total People in frame = 8
Number of people in queue = {1: 2, 2: 2}
1 2
2 2
Total People in frame = 8
Number of people in queue = {1: 2, 2: 3}
1 2
2 3
Total People in frame = 8
Number of people in queue = {1: 2, 2: 3}
1 2
2 3
Total People in frame = 7
Number of people in queue = {1: 2, 2: 2}
1 2
2 2
Total People in frame = 7
Number of people in queue = {1: 2, 2: 2}
1 2
2 2
Total People in frame = 7
Number of people in queue = {1: 2, 2: 2}
1 2
2 2
Total People in frame = 7
Number of people in queue = {1: 2, 2: 2}
1 2
2 2
Total People in frame = 7
Number of people in queue = {1: 2, 2: 2}
1 2
2 2
Total People in frame = 7
Number of people in queue = {1: 2, 2: 2}
1 2
2 2
Total People in frame = 7
Number of people in queue = {1: 2, 2: 2}
1 2
2 2
Total People in frame = 7
Number of people in queue = {1: 2, 2: 2}
1 2
2 2
Total People in frame = 7
Number of people in queue = {1: 2, 2: 2}
1 2
2 2
Total People in frame = 7
Number of people in queue = {1: 2, 2: 2}
1 2
2 2
Total People in frame = 7
Number of people in queue = {1: 2, 2: 2}
1 2
2 2
Total People in frame = 8
Number of people in queue = {1: 3, 2: 2}
1 3
2 2
Total People in frame = 8
Number of people in queue = {1: 2, 2: 1}
1 2
2 1
Total People in frame = 8
Number of people in queue = {1: 2, 2: 1}
1 2
2 1
Total People in frame = 8
Number of people in queue = {1: 2, 2: 1}
1 2
2 1
Total People in frame = 8
Number of people in queue = {1: 2, 2: 1}
1 2
2 1
Total People in frame = 8
Number of people in queue = {1: 2, 2: 1}
1 2
2 1
Total People in frame = 7
Number of people in queue = {1: 1, 2: 1}
1 1
2 1
Total People in frame = 9
Number of people in queue = {1: 3, 2: 1}
1 3
2 1
Total People in frame = 8
Number of people in queue = {1: 2, 2: 1}
1 2
2 1
results/
results/transportation/
results/transportation/cpu/
results/transportation/cpu/stats.txt
results/transportation/cpu/output_video.mp4
stderr.log
